<testsuites id="" name="" tests="28" failures="28" skipped="0" errors="0" time="157.63925400000002">
<testsuite name="listing-detail.spec.ts" timestamp="2026-03-12T03:20:11.226Z" hostname="chromium" tests="28" failures="28" skipped="0" time="564.192" errors="0">
<testcase name="DETAIL-01 — Photo gallery layout and lightbox › desktop gallery renders hero image occupying 2/3 of the grid" classname="listing-detail.spec.ts" time="20.955">
<failure message="listing-detail.spec.ts:35:7 desktop gallery renders hero image occupying 2/3 of the grid" type="FAILURE">
<![CDATA[  [chromium] › listing-detail.spec.ts:35:7 › DETAIL-01 — Photo gallery layout and lightbox › desktop gallery renders hero image occupying 2/3 of the grid 

    TimeoutError: locator.waitFor: Timeout 15000ms exceeded.
    Call log:
      - waiting for getByRole('button', { name: 'Go back' }) to be visible
        10 × waiting for" http://localhost:3000/listing/mock-listing-001" navigation to finish...
           - navigated to "http://localhost:3000/listing/mock-listing-001"


      25 |   await page.waitForLoadState('networkidle', { timeout: 30000 });
      26 |   // Wait for the back button which is always present once the client component mounts
    > 27 |   await page.getByRole('button', { name: 'Go back' }).waitFor({ state: 'visible', timeout: 15000 });
         |                                                       ^
      28 | }
      29 |
      30 | // ─────────────────────────────────────────────────────────────────────────────
        at gotoListingDetail (/Users/aineshmohan/Developer/ai-real-estate-agent/apps/web/tests/e2e/listing-detail.spec.ts:27:55)
        at /Users/aineshmohan/Developer/ai-real-estate-agent/apps/web/tests/e2e/listing-detail.spec.ts:38:5

    attachment #1: screenshot (image/png) ──────────────────────────────────────────────────────────
    ../../test-results/listing-detail-DETAIL-01-—-78c01-e-occupying-2-3-of-the-grid-chromium/test-failed-1.png
    ────────────────────────────────────────────────────────────────────────────────────────────────

    Error Context: ../../test-results/listing-detail-DETAIL-01-—-78c01-e-occupying-2-3-of-the-grid-chromium/error-context.md
]]>
</failure>
<system-out>
<![CDATA[
[[ATTACHMENT|../test-results/listing-detail-DETAIL-01-—-78c01-e-occupying-2-3-of-the-grid-chromium/test-failed-1.png]]

[[ATTACHMENT|../test-results/listing-detail-DETAIL-01-—-78c01-e-occupying-2-3-of-the-grid-chromium/error-context.md]]
]]>
</system-out>
</testcase>
<testcase name="DETAIL-01 — Photo gallery layout and lightbox › desktop gallery renders side thumbnail images (1/3 of the grid)" classname="listing-detail.spec.ts" time="24.204">
<failure message="listing-detail.spec.ts:46:7 desktop gallery renders side thumbnail images (1/3 of the grid)" type="FAILURE">
<![CDATA[  [chromium] › listing-detail.spec.ts:46:7 › DETAIL-01 — Photo gallery layout and lightbox › desktop gallery renders side thumbnail images (1/3 of the grid) 

    TimeoutError: locator.waitFor: Timeout 15000ms exceeded.
    Call log:
      - waiting for getByRole('button', { name: 'Go back' }) to be visible
        9 × waiting for" http://localhost:3000/listing/mock-listing-001" navigation to finish...
          - navigated to "http://localhost:3000/listing/mock-listing-001"
        - waiting for" http://localhost:3000/listing/mock-listing-001" navigation to finish...


      25 |   await page.waitForLoadState('networkidle', { timeout: 30000 });
      26 |   // Wait for the back button which is always present once the client component mounts
    > 27 |   await page.getByRole('button', { name: 'Go back' }).waitFor({ state: 'visible', timeout: 15000 });
         |                                                       ^
      28 | }
      29 |
      30 | // ─────────────────────────────────────────────────────────────────────────────
        at gotoListingDetail (/Users/aineshmohan/Developer/ai-real-estate-agent/apps/web/tests/e2e/listing-detail.spec.ts:27:55)
        at /Users/aineshmohan/Developer/ai-real-estate-agent/apps/web/tests/e2e/listing-detail.spec.ts:48:5

    attachment #1: screenshot (image/png) ──────────────────────────────────────────────────────────
    ../../test-results/listing-detail-DETAIL-01-—-c66c7-ail-images-1-3-of-the-grid--chromium/test-failed-1.png
    ────────────────────────────────────────────────────────────────────────────────────────────────

    Error Context: ../../test-results/listing-detail-DETAIL-01-—-c66c7-ail-images-1-3-of-the-grid--chromium/error-context.md
]]>
</failure>
<system-out>
<![CDATA[
[[ATTACHMENT|../test-results/listing-detail-DETAIL-01-—-c66c7-ail-images-1-3-of-the-grid--chromium/test-failed-1.png]]

[[ATTACHMENT|../test-results/listing-detail-DETAIL-01-—-c66c7-ail-images-1-3-of-the-grid--chromium/error-context.md]]
]]>
</system-out>
</testcase>
<testcase name="DETAIL-01 — Photo gallery layout and lightbox › clicking the hero photo opens the full-screen lightbox dialog" classname="listing-detail.spec.ts" time="25.254">
<failure message="listing-detail.spec.ts:63:7 clicking the hero photo opens the full-screen lightbox dialog" type="FAILURE">
<![CDATA[  [chromium] › listing-detail.spec.ts:63:7 › DETAIL-01 — Photo gallery layout and lightbox › clicking the hero photo opens the full-screen lightbox dialog 

    TimeoutError: locator.waitFor: Timeout 15000ms exceeded.
    Call log:
      - waiting for getByRole('button', { name: 'Go back' }) to be visible
        8 × waiting for" http://localhost:3000/listing/mock-listing-001" navigation to finish...
          - navigated to "http://localhost:3000/listing/mock-listing-001"
        - waiting for" http://localhost:3000/listing/mock-listing-001" navigation to finish...


      25 |   await page.waitForLoadState('networkidle', { timeout: 30000 });
      26 |   // Wait for the back button which is always present once the client component mounts
    > 27 |   await page.getByRole('button', { name: 'Go back' }).waitFor({ state: 'visible', timeout: 15000 });
         |                                                       ^
      28 | }
      29 |
      30 | // ─────────────────────────────────────────────────────────────────────────────
        at gotoListingDetail (/Users/aineshmohan/Developer/ai-real-estate-agent/apps/web/tests/e2e/listing-detail.spec.ts:27:55)
        at /Users/aineshmohan/Developer/ai-real-estate-agent/apps/web/tests/e2e/listing-detail.spec.ts:65:5

    attachment #1: screenshot (image/png) ──────────────────────────────────────────────────────────
    ../../test-results/listing-detail-DETAIL-01-—-fccba-full-screen-lightbox-dialog-chromium/test-failed-1.png
    ────────────────────────────────────────────────────────────────────────────────────────────────

    Error Context: ../../test-results/listing-detail-DETAIL-01-—-fccba-full-screen-lightbox-dialog-chromium/error-context.md
]]>
</failure>
<system-out>
<![CDATA[
[[ATTACHMENT|../test-results/listing-detail-DETAIL-01-—-fccba-full-screen-lightbox-dialog-chromium/test-failed-1.png]]

[[ATTACHMENT|../test-results/listing-detail-DETAIL-01-—-fccba-full-screen-lightbox-dialog-chromium/error-context.md]]
]]>
</system-out>
</testcase>
<testcase name="DETAIL-01 — Photo gallery layout and lightbox › clicking a side thumbnail photo opens the full-screen lightbox dialog" classname="listing-detail.spec.ts" time="25.236">
<failure message="listing-detail.spec.ts:79:7 clicking a side thumbnail photo opens the full-screen lightbox dialog" type="FAILURE">
<![CDATA[  [chromium] › listing-detail.spec.ts:79:7 › DETAIL-01 — Photo gallery layout and lightbox › clicking a side thumbnail photo opens the full-screen lightbox dialog 

    TimeoutError: locator.waitFor: Timeout 15000ms exceeded.
    Call log:
      - waiting for getByRole('button', { name: 'Go back' }) to be visible
        8 × waiting for" http://localhost:3000/listing/mock-listing-001" navigation to finish...
          - navigated to "http://localhost:3000/listing/mock-listing-001"
        - waiting for" http://localhost:3000/listing/mock-listing-001" navigation to finish...


      25 |   await page.waitForLoadState('networkidle', { timeout: 30000 });
      26 |   // Wait for the back button which is always present once the client component mounts
    > 27 |   await page.getByRole('button', { name: 'Go back' }).waitFor({ state: 'visible', timeout: 15000 });
         |                                                       ^
      28 | }
      29 |
      30 | // ─────────────────────────────────────────────────────────────────────────────
        at gotoListingDetail (/Users/aineshmohan/Developer/ai-real-estate-agent/apps/web/tests/e2e/listing-detail.spec.ts:27:55)
        at /Users/aineshmohan/Developer/ai-real-estate-agent/apps/web/tests/e2e/listing-detail.spec.ts:81:5

    attachment #1: screenshot (image/png) ──────────────────────────────────────────────────────────
    ../../test-results/listing-detail-DETAIL-01-—-8181a-full-screen-lightbox-dialog-chromium/test-failed-1.png
    ────────────────────────────────────────────────────────────────────────────────────────────────

    Error Context: ../../test-results/listing-detail-DETAIL-01-—-8181a-full-screen-lightbox-dialog-chromium/error-context.md
]]>
</failure>
<system-out>
<![CDATA[
[[ATTACHMENT|../test-results/listing-detail-DETAIL-01-—-8181a-full-screen-lightbox-dialog-chromium/test-failed-1.png]]

[[ATTACHMENT|../test-results/listing-detail-DETAIL-01-—-8181a-full-screen-lightbox-dialog-chromium/error-context.md]]
]]>
</system-out>
</testcase>
<testcase name="DETAIL-01 — Photo gallery layout and lightbox › lightbox can be closed with the close button" classname="listing-detail.spec.ts" time="18.465">
<failure message="listing-detail.spec.ts:91:7 lightbox can be closed with the close button" type="FAILURE">
<![CDATA[  [chromium] › listing-detail.spec.ts:91:7 › DETAIL-01 — Photo gallery layout and lightbox › lightbox can be closed with the close button 

    TimeoutError: locator.waitFor: Timeout 15000ms exceeded.
    Call log:
      - waiting for getByRole('button', { name: 'Go back' }) to be visible
        10 × waiting for" http://localhost:3000/listing/mock-listing-001" navigation to finish...
           - navigated to "http://localhost:3000/listing/mock-listing-001"


      25 |   await page.waitForLoadState('networkidle', { timeout: 30000 });
      26 |   // Wait for the back button which is always present once the client component mounts
    > 27 |   await page.getByRole('button', { name: 'Go back' }).waitFor({ state: 'visible', timeout: 15000 });
         |                                                       ^
      28 | }
      29 |
      30 | // ─────────────────────────────────────────────────────────────────────────────
        at gotoListingDetail (/Users/aineshmohan/Developer/ai-real-estate-agent/apps/web/tests/e2e/listing-detail.spec.ts:27:55)
        at /Users/aineshmohan/Developer/ai-real-estate-agent/apps/web/tests/e2e/listing-detail.spec.ts:93:5

    attachment #1: screenshot (image/png) ──────────────────────────────────────────────────────────
    ../../test-results/listing-detail-DETAIL-01-—-0a437-losed-with-the-close-button-chromium/test-failed-1.png
    ────────────────────────────────────────────────────────────────────────────────────────────────

    Error Context: ../../test-results/listing-detail-DETAIL-01-—-0a437-losed-with-the-close-button-chromium/error-context.md
]]>
</failure>
<system-out>
<![CDATA[
[[ATTACHMENT|../test-results/listing-detail-DETAIL-01-—-0a437-losed-with-the-close-button-chromium/test-failed-1.png]]

[[ATTACHMENT|../test-results/listing-detail-DETAIL-01-—-0a437-losed-with-the-close-button-chromium/error-context.md]]
]]>
</system-out>
</testcase>
<testcase name="DETAIL-01 — Photo gallery layout and lightbox › lightbox previous and next navigation buttons are present when open" classname="listing-detail.spec.ts" time="20.504">
<failure message="listing-detail.spec.ts:108:7 lightbox previous and next navigation buttons are present when open" type="FAILURE">
<![CDATA[  [chromium] › listing-detail.spec.ts:108:7 › DETAIL-01 — Photo gallery layout and lightbox › lightbox previous and next navigation buttons are present when open 

    TimeoutError: locator.waitFor: Timeout 15000ms exceeded.
    Call log:
      - waiting for getByRole('button', { name: 'Go back' }) to be visible
        6 × waiting for" http://localhost:3000/listing/mock-listing-001" navigation to finish...
          - navigated to "http://localhost:3000/listing/mock-listing-001"


      25 |   await page.waitForLoadState('networkidle', { timeout: 30000 });
      26 |   // Wait for the back button which is always present once the client component mounts
    > 27 |   await page.getByRole('button', { name: 'Go back' }).waitFor({ state: 'visible', timeout: 15000 });
         |                                                       ^
      28 | }
      29 |
      30 | // ─────────────────────────────────────────────────────────────────────────────
        at gotoListingDetail (/Users/aineshmohan/Developer/ai-real-estate-agent/apps/web/tests/e2e/listing-detail.spec.ts:27:55)
        at /Users/aineshmohan/Developer/ai-real-estate-agent/apps/web/tests/e2e/listing-detail.spec.ts:110:5

    attachment #1: screenshot (image/png) ──────────────────────────────────────────────────────────
    ../../test-results/listing-detail-DETAIL-01-—-f2ad0-ttons-are-present-when-open-chromium/test-failed-1.png
    ────────────────────────────────────────────────────────────────────────────────────────────────

    Error Context: ../../test-results/listing-detail-DETAIL-01-—-f2ad0-ttons-are-present-when-open-chromium/error-context.md
]]>
</failure>
<system-out>
<![CDATA[
[[ATTACHMENT|../test-results/listing-detail-DETAIL-01-—-f2ad0-ttons-are-present-when-open-chromium/test-failed-1.png]]

[[ATTACHMENT|../test-results/listing-detail-DETAIL-01-—-f2ad0-ttons-are-present-when-open-chromium/error-context.md]]
]]>
</system-out>
</testcase>
<testcase name="DETAIL-02 — Desktop sticky CTA sidebar › CTA sidebar shows the listing price on desktop" classname="listing-detail.spec.ts" time="17.03">
<failure message="listing-detail.spec.ts:128:7 CTA sidebar shows the listing price on desktop" type="FAILURE">
<![CDATA[  [chromium] › listing-detail.spec.ts:128:7 › DETAIL-02 — Desktop sticky CTA sidebar › CTA sidebar shows the listing price on desktop 

    TimeoutError: locator.waitFor: Timeout 15000ms exceeded.
    Call log:
      - waiting for getByRole('button', { name: 'Go back' }) to be visible
        6 × waiting for" http://localhost:3000/listing/mock-listing-001" navigation to finish...
          - navigated to "http://localhost:3000/listing/mock-listing-001"


      25 |   await page.waitForLoadState('networkidle', { timeout: 30000 });
      26 |   // Wait for the back button which is always present once the client component mounts
    > 27 |   await page.getByRole('button', { name: 'Go back' }).waitFor({ state: 'visible', timeout: 15000 });
         |                                                       ^
      28 | }
      29 |
      30 | // ─────────────────────────────────────────────────────────────────────────────
        at gotoListingDetail (/Users/aineshmohan/Developer/ai-real-estate-agent/apps/web/tests/e2e/listing-detail.spec.ts:27:55)
        at /Users/aineshmohan/Developer/ai-real-estate-agent/apps/web/tests/e2e/listing-detail.spec.ts:130:5

    attachment #1: screenshot (image/png) ──────────────────────────────────────────────────────────
    ../../test-results/listing-detail-DETAIL-02-—-f01c5-he-listing-price-on-desktop-chromium/test-failed-1.png
    ────────────────────────────────────────────────────────────────────────────────────────────────

    Error Context: ../../test-results/listing-detail-DETAIL-02-—-f01c5-he-listing-price-on-desktop-chromium/error-context.md
]]>
</failure>
<system-out>
<![CDATA[
[[ATTACHMENT|../test-results/listing-detail-DETAIL-02-—-f01c5-he-listing-price-on-desktop-chromium/test-failed-1.png]]

[[ATTACHMENT|../test-results/listing-detail-DETAIL-02-—-f01c5-he-listing-price-on-desktop-chromium/error-context.md]]
]]>
</system-out>
</testcase>
<testcase name="DETAIL-02 — Desktop sticky CTA sidebar › CTA sidebar renders &quot;Book a Tour&quot; button on desktop" classname="listing-detail.spec.ts" time="29.364">
<failure message="listing-detail.spec.ts:142:7 CTA sidebar renders &quot;Book a Tour&quot; button on desktop" type="FAILURE">
<![CDATA[  [chromium] › listing-detail.spec.ts:142:7 › DETAIL-02 — Desktop sticky CTA sidebar › CTA sidebar renders "Book a Tour" button on desktop 

    TimeoutError: locator.waitFor: Timeout 15000ms exceeded.
    Call log:
      - waiting for getByRole('button', { name: 'Go back' }) to be visible
        9 × waiting for" http://localhost:3000/listing/mock-listing-001" navigation to finish...
          - navigated to "http://localhost:3000/listing/mock-listing-001"


      25 |   await page.waitForLoadState('networkidle', { timeout: 30000 });
      26 |   // Wait for the back button which is always present once the client component mounts
    > 27 |   await page.getByRole('button', { name: 'Go back' }).waitFor({ state: 'visible', timeout: 15000 });
         |                                                       ^
      28 | }
      29 |
      30 | // ─────────────────────────────────────────────────────────────────────────────
        at gotoListingDetail (/Users/aineshmohan/Developer/ai-real-estate-agent/apps/web/tests/e2e/listing-detail.spec.ts:27:55)
        at /Users/aineshmohan/Developer/ai-real-estate-agent/apps/web/tests/e2e/listing-detail.spec.ts:144:5

    attachment #1: screenshot (image/png) ──────────────────────────────────────────────────────────
    ../../test-results/listing-detail-DETAIL-02-—-e1c92-ok-a-Tour-button-on-desktop-chromium/test-failed-1.png
    ────────────────────────────────────────────────────────────────────────────────────────────────

    Error Context: ../../test-results/listing-detail-DETAIL-02-—-e1c92-ok-a-Tour-button-on-desktop-chromium/error-context.md
]]>
</failure>
<system-out>
<![CDATA[
[[ATTACHMENT|../test-results/listing-detail-DETAIL-02-—-e1c92-ok-a-Tour-button-on-desktop-chromium/test-failed-1.png]]

[[ATTACHMENT|../test-results/listing-detail-DETAIL-02-—-e1c92-ok-a-Tour-button-on-desktop-chromium/error-context.md]]
]]>
</system-out>
</testcase>
<testcase name="DETAIL-02 — Desktop sticky CTA sidebar › CTA sidebar renders &quot;Ask AI About This Listing&quot; button on desktop" classname="listing-detail.spec.ts" time="31.218">
<failure message="listing-detail.spec.ts:152:7 CTA sidebar renders &quot;Ask AI About This Listing&quot; button on desktop" type="FAILURE">
<![CDATA[  [chromium] › listing-detail.spec.ts:152:7 › DETAIL-02 — Desktop sticky CTA sidebar › CTA sidebar renders "Ask AI About This Listing" button on desktop 

    Test timeout of 30000ms exceeded.

    TimeoutError: page.waitForLoadState: Timeout 30000ms exceeded.
    =========================== logs ===========================
      "commit" event fired
      "domcontentloaded" event fired
      "load" event fired
      "commit" event fired
      "domcontentloaded" event fired
      "load" event fired
      "commit" event fired
      "domcontentloaded" event fired
      "load" event fired
      "commit" event fired
      "domcontentloaded" event fired
      "load" event fired
      "commit" event fired
      "domcontentloaded" event fired
      "load" event fired
      "commit" event fired
      "domcontentloaded" event fired
      "load" event fired
      "commit" event fired
      "domcontentloaded" event fired
      "load" event fired
      "commit" event fired
      "domcontentloaded" event fired
      "load" event fired
      "commit" event fired
      "domcontentloaded" event fired
      "load" event fired
      "commit" event fired
      "domcontentloaded" event fired
      "load" event fired
      "commit" event fired
      "domcontentloaded" event fired
      "load" event fired
      "commit" event fired
      "domcontentloaded" event fired
      "load" event fired
      "commit" event fired
      "domcontentloaded" event fired
      "load" event fired
      "commit" event fired
      "domcontentloaded" event fired
      "load" event fired
      "commit" event fired
      "domcontentloaded" event fired
      "load" event fired
      "commit" event fired
      "domcontentloaded" event fired
      "load" event fired
      "commit" event fired
      "domcontentloaded" event fired
      "load" event fired
      "commit" event fired
      "domcontentloaded" event fired
      "load" event fired
      "commit" event fired
      "domcontentloaded" event fired
      "load" event fired
      "commit" event fired
      "domcontentloaded" event fired
      "load" event fired
      "commit" event fired
      "domcontentloaded" event fired
      "load" event fired
      "commit" event fired
      "domcontentloaded" event fired
      "load" event fired
      "commit" event fired
      "domcontentloaded" event fired
      "load" event fired
      "commit" event fired
      "domcontentloaded" event fired
      "load" event fired
      "commit" event fired
      "domcontentloaded" event fired
      "load" event fired
      "commit" event fired
      "domcontentloaded" event fired
      "load" event fired
      "commit" event fired
      "domcontentloaded" event fired
      "load" event fired
      "commit" event fired
      "domcontentloaded" event fired
      "load" event fired
    ============================================================

      23 | async function gotoListingDetail(page: import('@playwright/test').Page) {
      24 |   await page.goto(LISTING_URL);
    > 25 |   await page.waitForLoadState('networkidle', { timeout: 30000 });
         |              ^
      26 |   // Wait for the back button which is always present once the client component mounts
      27 |   await page.getByRole('button', { name: 'Go back' }).waitFor({ state: 'visible', timeout: 15000 });
      28 | }
        at gotoListingDetail (/Users/aineshmohan/Developer/ai-real-estate-agent/apps/web/tests/e2e/listing-detail.spec.ts:25:14)
        at /Users/aineshmohan/Developer/ai-real-estate-agent/apps/web/tests/e2e/listing-detail.spec.ts:154:5

    attachment #1: screenshot (image/png) ──────────────────────────────────────────────────────────
    ../../test-results/listing-detail-DETAIL-02-—-1d549-s-Listing-button-on-desktop-chromium/test-failed-1.png
    ────────────────────────────────────────────────────────────────────────────────────────────────

    Error Context: ../../test-results/listing-detail-DETAIL-02-—-1d549-s-Listing-button-on-desktop-chromium/error-context.md
]]>
</failure>
<system-out>
<![CDATA[
[[ATTACHMENT|../test-results/listing-detail-DETAIL-02-—-1d549-s-Listing-button-on-desktop-chromium/test-failed-1.png]]

[[ATTACHMENT|../test-results/listing-detail-DETAIL-02-—-1d549-s-Listing-button-on-desktop-chromium/error-context.md]]
]]>
</system-out>
</testcase>
<testcase name="DETAIL-02 — Desktop sticky CTA sidebar › CTA sidebar &quot;Book a Tour&quot; button remains accessible after scrolling down" classname="listing-detail.spec.ts" time="25.517">
<failure message="listing-detail.spec.ts:160:7 CTA sidebar &quot;Book a Tour&quot; button remains accessible after scrolling down" type="FAILURE">
<![CDATA[  [chromium] › listing-detail.spec.ts:160:7 › DETAIL-02 — Desktop sticky CTA sidebar › CTA sidebar "Book a Tour" button remains accessible after scrolling down 

    TimeoutError: locator.waitFor: Timeout 15000ms exceeded.
    Call log:
      - waiting for getByRole('button', { name: 'Go back' }) to be visible
        7 × waiting for" http://localhost:3000/listing/mock-listing-001" navigation to finish...
          - navigated to "http://localhost:3000/listing/mock-listing-001"


      25 |   await page.waitForLoadState('networkidle', { timeout: 30000 });
      26 |   // Wait for the back button which is always present once the client component mounts
    > 27 |   await page.getByRole('button', { name: 'Go back' }).waitFor({ state: 'visible', timeout: 15000 });
         |                                                       ^
      28 | }
      29 |
      30 | // ─────────────────────────────────────────────────────────────────────────────
        at gotoListingDetail (/Users/aineshmohan/Developer/ai-real-estate-agent/apps/web/tests/e2e/listing-detail.spec.ts:27:55)
        at /Users/aineshmohan/Developer/ai-real-estate-agent/apps/web/tests/e2e/listing-detail.spec.ts:162:5

    attachment #1: screenshot (image/png) ──────────────────────────────────────────────────────────
    ../../test-results/listing-detail-DETAIL-02-—-308d7-ssible-after-scrolling-down-chromium/test-failed-1.png
    ────────────────────────────────────────────────────────────────────────────────────────────────

    Error Context: ../../test-results/listing-detail-DETAIL-02-—-308d7-ssible-after-scrolling-down-chromium/error-context.md
]]>
</failure>
<system-out>
<![CDATA[
[[ATTACHMENT|../test-results/listing-detail-DETAIL-02-—-308d7-ssible-after-scrolling-down-chromium/test-failed-1.png]]

[[ATTACHMENT|../test-results/listing-detail-DETAIL-02-—-308d7-ssible-after-scrolling-down-chromium/error-context.md]]
]]>
</system-out>
</testcase>
<testcase name="DETAIL-03 — Landlord card, amenities grid, and AI lease summary › landlord card shows the landlord name" classname="listing-detail.spec.ts" time="21.072">
<failure message="listing-detail.spec.ts:179:7 landlord card shows the landlord name" type="FAILURE">
<![CDATA[  [chromium] › listing-detail.spec.ts:179:7 › DETAIL-03 — Landlord card, amenities grid, and AI lease summary › landlord card shows the landlord name 

    TimeoutError: locator.waitFor: Timeout 15000ms exceeded.
    Call log:
      - waiting for getByRole('button', { name: 'Go back' }) to be visible
        3 × waiting for" http://localhost:3000/listing/mock-listing-001" navigation to finish...
          - navigated to "http://localhost:3000/listing/mock-listing-001"


      25 |   await page.waitForLoadState('networkidle', { timeout: 30000 });
      26 |   // Wait for the back button which is always present once the client component mounts
    > 27 |   await page.getByRole('button', { name: 'Go back' }).waitFor({ state: 'visible', timeout: 15000 });
         |                                                       ^
      28 | }
      29 |
      30 | // ─────────────────────────────────────────────────────────────────────────────
        at gotoListingDetail (/Users/aineshmohan/Developer/ai-real-estate-agent/apps/web/tests/e2e/listing-detail.spec.ts:27:55)
        at /Users/aineshmohan/Developer/ai-real-estate-agent/apps/web/tests/e2e/listing-detail.spec.ts:181:5

    attachment #1: screenshot (image/png) ──────────────────────────────────────────────────────────
    ../../test-results/listing-detail-DETAIL-03-—-20c2a-ard-shows-the-landlord-name-chromium/test-failed-1.png
    ────────────────────────────────────────────────────────────────────────────────────────────────
]]>
</failure>
<system-out>
<![CDATA[
[[ATTACHMENT|../test-results/listing-detail-DETAIL-03-—-20c2a-ard-shows-the-landlord-name-chromium/test-failed-1.png]]
]]>
</system-out>
</testcase>
<testcase name="DETAIL-03 — Landlord card, amenities grid, and AI lease summary › landlord card shows the landlord rating" classname="listing-detail.spec.ts" time="18.195">
<failure message="listing-detail.spec.ts:187:7 landlord card shows the landlord rating" type="FAILURE">
<![CDATA[  [chromium] › listing-detail.spec.ts:187:7 › DETAIL-03 — Landlord card, amenities grid, and AI lease summary › landlord card shows the landlord rating 

    TimeoutError: locator.waitFor: Timeout 15000ms exceeded.
    Call log:
      - waiting for getByRole('button', { name: 'Go back' }) to be visible
        5 × waiting for" http://localhost:3000/listing/mock-listing-001" navigation to finish...
          - navigated to "http://localhost:3000/listing/mock-listing-001"
        - waiting for" http://localhost:3000/listing/mock-listing-001" navigation to finish...


      25 |   await page.waitForLoadState('networkidle', { timeout: 30000 });
      26 |   // Wait for the back button which is always present once the client component mounts
    > 27 |   await page.getByRole('button', { name: 'Go back' }).waitFor({ state: 'visible', timeout: 15000 });
         |                                                       ^
      28 | }
      29 |
      30 | // ─────────────────────────────────────────────────────────────────────────────
        at gotoListingDetail (/Users/aineshmohan/Developer/ai-real-estate-agent/apps/web/tests/e2e/listing-detail.spec.ts:27:55)
        at /Users/aineshmohan/Developer/ai-real-estate-agent/apps/web/tests/e2e/listing-detail.spec.ts:189:5

    attachment #1: screenshot (image/png) ──────────────────────────────────────────────────────────
    ../../test-results/listing-detail-DETAIL-03-—-29314-d-shows-the-landlord-rating-chromium/test-failed-1.png
    ────────────────────────────────────────────────────────────────────────────────────────────────

    Error Context: ../../test-results/listing-detail-DETAIL-03-—-29314-d-shows-the-landlord-rating-chromium/error-context.md
]]>
</failure>
<system-out>
<![CDATA[
[[ATTACHMENT|../test-results/listing-detail-DETAIL-03-—-29314-d-shows-the-landlord-rating-chromium/test-failed-1.png]]

[[ATTACHMENT|../test-results/listing-detail-DETAIL-03-—-29314-d-shows-the-landlord-rating-chromium/error-context.md]]
]]>
</system-out>
</testcase>
<testcase name="DETAIL-03 — Landlord card, amenities grid, and AI lease summary › landlord card shows the response rate" classname="listing-detail.spec.ts" time="25.891">
<failure message="listing-detail.spec.ts:195:7 landlord card shows the response rate" type="FAILURE">
<![CDATA[  [chromium] › listing-detail.spec.ts:195:7 › DETAIL-03 — Landlord card, amenities grid, and AI lease summary › landlord card shows the response rate 

    TimeoutError: locator.waitFor: Timeout 15000ms exceeded.
    Call log:
      - waiting for getByRole('button', { name: 'Go back' }) to be visible


      25 |   await page.waitForLoadState('networkidle', { timeout: 30000 });
      26 |   // Wait for the back button which is always present once the client component mounts
    > 27 |   await page.getByRole('button', { name: 'Go back' }).waitFor({ state: 'visible', timeout: 15000 });
         |                                                       ^
      28 | }
      29 |
      30 | // ─────────────────────────────────────────────────────────────────────────────
        at gotoListingDetail (/Users/aineshmohan/Developer/ai-real-estate-agent/apps/web/tests/e2e/listing-detail.spec.ts:27:55)
        at /Users/aineshmohan/Developer/ai-real-estate-agent/apps/web/tests/e2e/listing-detail.spec.ts:197:5

    attachment #1: screenshot (image/png) ──────────────────────────────────────────────────────────
    ../../test-results/listing-detail-DETAIL-03-—-c0c04-ard-shows-the-response-rate-chromium/test-failed-1.png
    ────────────────────────────────────────────────────────────────────────────────────────────────

    Error Context: ../../test-results/listing-detail-DETAIL-03-—-c0c04-ard-shows-the-response-rate-chromium/error-context.md
]]>
</failure>
<system-out>
<![CDATA[
[[ATTACHMENT|../test-results/listing-detail-DETAIL-03-—-c0c04-ard-shows-the-response-rate-chromium/test-failed-1.png]]

[[ATTACHMENT|../test-results/listing-detail-DETAIL-03-—-c0c04-ard-shows-the-response-rate-chromium/error-context.md]]
]]>
</system-out>
</testcase>
<testcase name="DETAIL-03 — Landlord card, amenities grid, and AI lease summary › amenities grid displays known amenity items" classname="listing-detail.spec.ts" time="24.787">
<failure message="listing-detail.spec.ts:203:7 amenities grid displays known amenity items" type="FAILURE">
<![CDATA[  [chromium] › listing-detail.spec.ts:203:7 › DETAIL-03 — Landlord card, amenities grid, and AI lease summary › amenities grid displays known amenity items 

    TimeoutError: locator.waitFor: Timeout 15000ms exceeded.
    Call log:
      - waiting for getByRole('button', { name: 'Go back' }) to be visible


      25 |   await page.waitForLoadState('networkidle', { timeout: 30000 });
      26 |   // Wait for the back button which is always present once the client component mounts
    > 27 |   await page.getByRole('button', { name: 'Go back' }).waitFor({ state: 'visible', timeout: 15000 });
         |                                                       ^
      28 | }
      29 |
      30 | // ─────────────────────────────────────────────────────────────────────────────
        at gotoListingDetail (/Users/aineshmohan/Developer/ai-real-estate-agent/apps/web/tests/e2e/listing-detail.spec.ts:27:55)
        at /Users/aineshmohan/Developer/ai-real-estate-agent/apps/web/tests/e2e/listing-detail.spec.ts:205:5

    attachment #1: screenshot (image/png) ──────────────────────────────────────────────────────────
    ../../test-results/listing-detail-DETAIL-03-—-c2699-isplays-known-amenity-items-chromium/test-failed-1.png
    ────────────────────────────────────────────────────────────────────────────────────────────────

    Error Context: ../../test-results/listing-detail-DETAIL-03-—-c2699-isplays-known-amenity-items-chromium/error-context.md
]]>
</failure>
<system-out>
<![CDATA[
[[ATTACHMENT|../test-results/listing-detail-DETAIL-03-—-c2699-isplays-known-amenity-items-chromium/test-failed-1.png]]

[[ATTACHMENT|../test-results/listing-detail-DETAIL-03-—-c2699-isplays-known-amenity-items-chromium/error-context.md]]
]]>
</system-out>
</testcase>
<testcase name="DETAIL-03 — Landlord card, amenities grid, and AI lease summary › AI lease summary section is visible with the &quot;AI Lease Summary&quot; heading" classname="listing-detail.spec.ts" time="19.751">
<failure message="listing-detail.spec.ts:216:7 AI lease summary section is visible with the &quot;AI Lease Summary&quot; heading" type="FAILURE">
<![CDATA[  [chromium] › listing-detail.spec.ts:216:7 › DETAIL-03 — Landlord card, amenities grid, and AI lease summary › AI lease summary section is visible with the "AI Lease Summary" heading 

    TimeoutError: locator.waitFor: Timeout 15000ms exceeded.
    Call log:
      - waiting for getByRole('button', { name: 'Go back' }) to be visible


      25 |   await page.waitForLoadState('networkidle', { timeout: 30000 });
      26 |   // Wait for the back button which is always present once the client component mounts
    > 27 |   await page.getByRole('button', { name: 'Go back' }).waitFor({ state: 'visible', timeout: 15000 });
         |                                                       ^
      28 | }
      29 |
      30 | // ─────────────────────────────────────────────────────────────────────────────
        at gotoListingDetail (/Users/aineshmohan/Developer/ai-real-estate-agent/apps/web/tests/e2e/listing-detail.spec.ts:27:55)
        at /Users/aineshmohan/Developer/ai-real-estate-agent/apps/web/tests/e2e/listing-detail.spec.ts:218:5

    attachment #1: screenshot (image/png) ──────────────────────────────────────────────────────────
    ../../test-results/listing-detail-DETAIL-03-—-2a408-he-AI-Lease-Summary-heading-chromium/test-failed-1.png
    ────────────────────────────────────────────────────────────────────────────────────────────────

    Error Context: ../../test-results/listing-detail-DETAIL-03-—-2a408-he-AI-Lease-Summary-heading-chromium/error-context.md
]]>
</failure>
<system-out>
<![CDATA[
[[ATTACHMENT|../test-results/listing-detail-DETAIL-03-—-2a408-he-AI-Lease-Summary-heading-chromium/test-failed-1.png]]

[[ATTACHMENT|../test-results/listing-detail-DETAIL-03-—-2a408-he-AI-Lease-Summary-heading-chromium/error-context.md]]
]]>
</system-out>
</testcase>
<testcase name="DETAIL-03 — Landlord card, amenities grid, and AI lease summary › AI lease summary displays the lease length" classname="listing-detail.spec.ts" time="18.644">
<failure message="listing-detail.spec.ts:227:7 AI lease summary displays the lease length" type="FAILURE">
<![CDATA[  [chromium] › listing-detail.spec.ts:227:7 › DETAIL-03 — Landlord card, amenities grid, and AI lease summary › AI lease summary displays the lease length 

    TimeoutError: locator.waitFor: Timeout 15000ms exceeded.
    Call log:
      - waiting for getByRole('button', { name: 'Go back' }) to be visible


      25 |   await page.waitForLoadState('networkidle', { timeout: 30000 });
      26 |   // Wait for the back button which is always present once the client component mounts
    > 27 |   await page.getByRole('button', { name: 'Go back' }).waitFor({ state: 'visible', timeout: 15000 });
         |                                                       ^
      28 | }
      29 |
      30 | // ─────────────────────────────────────────────────────────────────────────────
        at gotoListingDetail (/Users/aineshmohan/Developer/ai-real-estate-agent/apps/web/tests/e2e/listing-detail.spec.ts:27:55)
        at /Users/aineshmohan/Developer/ai-real-estate-agent/apps/web/tests/e2e/listing-detail.spec.ts:229:5

    attachment #1: screenshot (image/png) ──────────────────────────────────────────────────────────
    ../../test-results/listing-detail-DETAIL-03-—-f7de6-y-displays-the-lease-length-chromium/test-failed-1.png
    ────────────────────────────────────────────────────────────────────────────────────────────────

    Error Context: ../../test-results/listing-detail-DETAIL-03-—-f7de6-y-displays-the-lease-length-chromium/error-context.md
]]>
</failure>
<system-out>
<![CDATA[
[[ATTACHMENT|../test-results/listing-detail-DETAIL-03-—-f7de6-y-displays-the-lease-length-chromium/test-failed-1.png]]

[[ATTACHMENT|../test-results/listing-detail-DETAIL-03-—-f7de6-y-displays-the-lease-length-chromium/error-context.md]]
]]>
</system-out>
</testcase>
<testcase name="DETAIL-03 — Landlord card, amenities grid, and AI lease summary › AI lease summary lists utilities included in rent" classname="listing-detail.spec.ts" time="15.711">
<failure message="listing-detail.spec.ts:238:7 AI lease summary lists utilities included in rent" type="FAILURE">
<![CDATA[  [chromium] › listing-detail.spec.ts:238:7 › DETAIL-03 — Landlord card, amenities grid, and AI lease summary › AI lease summary lists utilities included in rent 

    TimeoutError: locator.waitFor: Timeout 15000ms exceeded.
    Call log:
      - waiting for getByRole('button', { name: 'Go back' }) to be visible


      25 |   await page.waitForLoadState('networkidle', { timeout: 30000 });
      26 |   // Wait for the back button which is always present once the client component mounts
    > 27 |   await page.getByRole('button', { name: 'Go back' }).waitFor({ state: 'visible', timeout: 15000 });
         |                                                       ^
      28 | }
      29 |
      30 | // ─────────────────────────────────────────────────────────────────────────────
        at gotoListingDetail (/Users/aineshmohan/Developer/ai-real-estate-agent/apps/web/tests/e2e/listing-detail.spec.ts:27:55)
        at /Users/aineshmohan/Developer/ai-real-estate-agent/apps/web/tests/e2e/listing-detail.spec.ts:240:5

    attachment #1: screenshot (image/png) ──────────────────────────────────────────────────────────
    ../../test-results/listing-detail-DETAIL-03-—-27fa6--utilities-included-in-rent-chromium/test-failed-1.png
    ────────────────────────────────────────────────────────────────────────────────────────────────

    Error Context: ../../test-results/listing-detail-DETAIL-03-—-27fa6--utilities-included-in-rent-chromium/error-context.md
]]>
</failure>
<system-out>
<![CDATA[
[[ATTACHMENT|../test-results/listing-detail-DETAIL-03-—-27fa6--utilities-included-in-rent-chromium/test-failed-1.png]]

[[ATTACHMENT|../test-results/listing-detail-DETAIL-03-—-27fa6--utilities-included-in-rent-chromium/error-context.md]]
]]>
</system-out>
</testcase>
<testcase name="DETAIL-04 — Commute section with map and distance data › commute section heading is visible" classname="listing-detail.spec.ts" time="16.589">
<failure message="listing-detail.spec.ts:257:7 commute section heading is visible" type="FAILURE">
<![CDATA[  [chromium] › listing-detail.spec.ts:257:7 › DETAIL-04 — Commute section with map and distance data › commute section heading is visible 

    TimeoutError: locator.waitFor: Timeout 15000ms exceeded.
    Call log:
      - waiting for getByRole('button', { name: 'Go back' }) to be visible


      25 |   await page.waitForLoadState('networkidle', { timeout: 30000 });
      26 |   // Wait for the back button which is always present once the client component mounts
    > 27 |   await page.getByRole('button', { name: 'Go back' }).waitFor({ state: 'visible', timeout: 15000 });
         |                                                       ^
      28 | }
      29 |
      30 | // ─────────────────────────────────────────────────────────────────────────────
        at gotoListingDetail (/Users/aineshmohan/Developer/ai-real-estate-agent/apps/web/tests/e2e/listing-detail.spec.ts:27:55)
        at /Users/aineshmohan/Developer/ai-real-estate-agent/apps/web/tests/e2e/listing-detail.spec.ts:259:5

    attachment #1: screenshot (image/png) ──────────────────────────────────────────────────────────
    ../../test-results/listing-detail-DETAIL-04-—-700aa--section-heading-is-visible-chromium/test-failed-1.png
    ────────────────────────────────────────────────────────────────────────────────────────────────

    Error Context: ../../test-results/listing-detail-DETAIL-04-—-700aa--section-heading-is-visible-chromium/error-context.md
]]>
</failure>
<system-out>
<![CDATA[
[[ATTACHMENT|../test-results/listing-detail-DETAIL-04-—-700aa--section-heading-is-visible-chromium/test-failed-1.png]]

[[ATTACHMENT|../test-results/listing-detail-DETAIL-04-—-700aa--section-heading-is-visible-chromium/error-context.md]]
]]>
</system-out>
</testcase>
<testcase name="DETAIL-04 — Commute section with map and distance data › commute section displays the campus map placeholder" classname="listing-detail.spec.ts" time="16.577">
<failure message="listing-detail.spec.ts:266:7 commute section displays the campus map placeholder" type="FAILURE">
<![CDATA[  [chromium] › listing-detail.spec.ts:266:7 › DETAIL-04 — Commute section with map and distance data › commute section displays the campus map placeholder 

    TimeoutError: locator.waitFor: Timeout 15000ms exceeded.
    Call log:
      - waiting for getByRole('button', { name: 'Go back' }) to be visible


      25 |   await page.waitForLoadState('networkidle', { timeout: 30000 });
      26 |   // Wait for the back button which is always present once the client component mounts
    > 27 |   await page.getByRole('button', { name: 'Go back' }).waitFor({ state: 'visible', timeout: 15000 });
         |                                                       ^
      28 | }
      29 |
      30 | // ─────────────────────────────────────────────────────────────────────────────
        at gotoListingDetail (/Users/aineshmohan/Developer/ai-real-estate-agent/apps/web/tests/e2e/listing-detail.spec.ts:27:55)
        at /Users/aineshmohan/Developer/ai-real-estate-agent/apps/web/tests/e2e/listing-detail.spec.ts:268:5

    attachment #1: screenshot (image/png) ──────────────────────────────────────────────────────────
    ../../test-results/listing-detail-DETAIL-04-—-f2f72--the-campus-map-placeholder-chromium/test-failed-1.png
    ────────────────────────────────────────────────────────────────────────────────────────────────

    Error Context: ../../test-results/listing-detail-DETAIL-04-—-f2f72--the-campus-map-placeholder-chromium/error-context.md
]]>
</failure>
<system-out>
<![CDATA[
[[ATTACHMENT|../test-results/listing-detail-DETAIL-04-—-f2f72--the-campus-map-placeholder-chromium/test-failed-1.png]]

[[ATTACHMENT|../test-results/listing-detail-DETAIL-04-—-f2f72--the-campus-map-placeholder-chromium/error-context.md]]
]]>
</system-out>
</testcase>
<testcase name="DETAIL-04 — Commute section with map and distance data › commute table shows campus building names from mock data" classname="listing-detail.spec.ts" time="16.659">
<failure message="listing-detail.spec.ts:277:7 commute table shows campus building names from mock data" type="FAILURE">
<![CDATA[  [chromium] › listing-detail.spec.ts:277:7 › DETAIL-04 — Commute section with map and distance data › commute table shows campus building names from mock data 

    TimeoutError: locator.waitFor: Timeout 15000ms exceeded.
    Call log:
      - waiting for getByRole('button', { name: 'Go back' }) to be visible


      25 |   await page.waitForLoadState('networkidle', { timeout: 30000 });
      26 |   // Wait for the back button which is always present once the client component mounts
    > 27 |   await page.getByRole('button', { name: 'Go back' }).waitFor({ state: 'visible', timeout: 15000 });
         |                                                       ^
      28 | }
      29 |
      30 | // ─────────────────────────────────────────────────────────────────────────────
        at gotoListingDetail (/Users/aineshmohan/Developer/ai-real-estate-agent/apps/web/tests/e2e/listing-detail.spec.ts:27:55)
        at /Users/aineshmohan/Developer/ai-real-estate-agent/apps/web/tests/e2e/listing-detail.spec.ts:279:5

    attachment #1: screenshot (image/png) ──────────────────────────────────────────────────────────
    ../../test-results/listing-detail-DETAIL-04-—-8ec8c-ilding-names-from-mock-data-chromium/test-failed-1.png
    ────────────────────────────────────────────────────────────────────────────────────────────────

    Error Context: ../../test-results/listing-detail-DETAIL-04-—-8ec8c-ilding-names-from-mock-data-chromium/error-context.md
]]>
</failure>
<system-out>
<![CDATA[
[[ATTACHMENT|../test-results/listing-detail-DETAIL-04-—-8ec8c-ilding-names-from-mock-data-chromium/test-failed-1.png]]

[[ATTACHMENT|../test-results/listing-detail-DETAIL-04-—-8ec8c-ilding-names-from-mock-data-chromium/error-context.md]]
]]>
</system-out>
</testcase>
<testcase name="DETAIL-04 — Commute section with map and distance data › commute table shows walk time column header" classname="listing-detail.spec.ts" time="16.209">
<failure message="listing-detail.spec.ts:289:7 commute table shows walk time column header" type="FAILURE">
<![CDATA[  [chromium] › listing-detail.spec.ts:289:7 › DETAIL-04 — Commute section with map and distance data › commute table shows walk time column header 

    TimeoutError: locator.waitFor: Timeout 15000ms exceeded.
    Call log:
      - waiting for getByRole('button', { name: 'Go back' }) to be visible


      25 |   await page.waitForLoadState('networkidle', { timeout: 30000 });
      26 |   // Wait for the back button which is always present once the client component mounts
    > 27 |   await page.getByRole('button', { name: 'Go back' }).waitFor({ state: 'visible', timeout: 15000 });
         |                                                       ^
      28 | }
      29 |
      30 | // ─────────────────────────────────────────────────────────────────────────────
        at gotoListingDetail (/Users/aineshmohan/Developer/ai-real-estate-agent/apps/web/tests/e2e/listing-detail.spec.ts:27:55)
        at /Users/aineshmohan/Developer/ai-real-estate-agent/apps/web/tests/e2e/listing-detail.spec.ts:291:5

    attachment #1: screenshot (image/png) ──────────────────────────────────────────────────────────
    ../../test-results/listing-detail-DETAIL-04-—-8ffab-ows-walk-time-column-header-chromium/test-failed-1.png
    ────────────────────────────────────────────────────────────────────────────────────────────────
]]>
</failure>
<system-out>
<![CDATA[
[[ATTACHMENT|../test-results/listing-detail-DETAIL-04-—-8ffab-ows-walk-time-column-header-chromium/test-failed-1.png]]
]]>
</system-out>
</testcase>
<testcase name="DETAIL-04 — Commute section with map and distance data › commute table shows transit time data for buildings" classname="listing-detail.spec.ts" time="16.707">
<failure message="listing-detail.spec.ts:301:7 commute table shows transit time data for buildings" type="FAILURE">
<![CDATA[  [chromium] › listing-detail.spec.ts:301:7 › DETAIL-04 — Commute section with map and distance data › commute table shows transit time data for buildings 

    TimeoutError: locator.waitFor: Timeout 15000ms exceeded.
    Call log:
      - waiting for getByRole('button', { name: 'Go back' }) to be visible


      25 |   await page.waitForLoadState('networkidle', { timeout: 30000 });
      26 |   // Wait for the back button which is always present once the client component mounts
    > 27 |   await page.getByRole('button', { name: 'Go back' }).waitFor({ state: 'visible', timeout: 15000 });
         |                                                       ^
      28 | }
      29 |
      30 | // ─────────────────────────────────────────────────────────────────────────────
        at gotoListingDetail (/Users/aineshmohan/Developer/ai-real-estate-agent/apps/web/tests/e2e/listing-detail.spec.ts:27:55)
        at /Users/aineshmohan/Developer/ai-real-estate-agent/apps/web/tests/e2e/listing-detail.spec.ts:303:5

    attachment #1: screenshot (image/png) ──────────────────────────────────────────────────────────
    ../../test-results/listing-detail-DETAIL-04-—-e3a1d-sit-time-data-for-buildings-chromium/test-failed-1.png
    ────────────────────────────────────────────────────────────────────────────────────────────────
]]>
</failure>
<system-out>
<![CDATA[
[[ATTACHMENT|../test-results/listing-detail-DETAIL-04-—-e3a1d-sit-time-data-for-buildings-chromium/test-failed-1.png]]
]]>
</system-out>
</testcase>
<testcase name="DETAIL-05 — Mobile sticky bottom bar › mobile bottom bar is visible on a phone-sized viewport" classname="listing-detail.spec.ts" time="16.703">
<failure message="listing-detail.spec.ts:320:7 mobile bottom bar is visible on a phone-sized viewport" type="FAILURE">
<![CDATA[  [chromium] › listing-detail.spec.ts:320:7 › DETAIL-05 — Mobile sticky bottom bar › mobile bottom bar is visible on a phone-sized viewport 

    TimeoutError: locator.waitFor: Timeout 15000ms exceeded.
    Call log:
      - waiting for getByRole('button', { name: 'Go back' }) to be visible


      25 |   await page.waitForLoadState('networkidle', { timeout: 30000 });
      26 |   // Wait for the back button which is always present once the client component mounts
    > 27 |   await page.getByRole('button', { name: 'Go back' }).waitFor({ state: 'visible', timeout: 15000 });
         |                                                       ^
      28 | }
      29 |
      30 | // ─────────────────────────────────────────────────────────────────────────────
        at gotoListingDetail (/Users/aineshmohan/Developer/ai-real-estate-agent/apps/web/tests/e2e/listing-detail.spec.ts:27:55)
        at /Users/aineshmohan/Developer/ai-real-estate-agent/apps/web/tests/e2e/listing-detail.spec.ts:323:5

    attachment #1: screenshot (image/png) ──────────────────────────────────────────────────────────
    ../../test-results/listing-detail-DETAIL-05-—-3705b-e-on-a-phone-sized-viewport-chromium/test-failed-1.png
    ────────────────────────────────────────────────────────────────────────────────────────────────
]]>
</failure>
<system-out>
<![CDATA[
[[ATTACHMENT|../test-results/listing-detail-DETAIL-05-—-3705b-e-on-a-phone-sized-viewport-chromium/test-failed-1.png]]
]]>
</system-out>
</testcase>
<testcase name="DETAIL-05 — Mobile sticky bottom bar › mobile bottom bar shows the listing price" classname="listing-detail.spec.ts" time="16.703">
<failure message="listing-detail.spec.ts:331:7 mobile bottom bar shows the listing price" type="FAILURE">
<![CDATA[  [chromium] › listing-detail.spec.ts:331:7 › DETAIL-05 — Mobile sticky bottom bar › mobile bottom bar shows the listing price 

    TimeoutError: locator.waitFor: Timeout 15000ms exceeded.
    Call log:
      - waiting for getByRole('button', { name: 'Go back' }) to be visible


      25 |   await page.waitForLoadState('networkidle', { timeout: 30000 });
      26 |   // Wait for the back button which is always present once the client component mounts
    > 27 |   await page.getByRole('button', { name: 'Go back' }).waitFor({ state: 'visible', timeout: 15000 });
         |                                                       ^
      28 | }
      29 |
      30 | // ─────────────────────────────────────────────────────────────────────────────
        at gotoListingDetail (/Users/aineshmohan/Developer/ai-real-estate-agent/apps/web/tests/e2e/listing-detail.spec.ts:27:55)
        at /Users/aineshmohan/Developer/ai-real-estate-agent/apps/web/tests/e2e/listing-detail.spec.ts:333:5

    attachment #1: screenshot (image/png) ──────────────────────────────────────────────────────────
    ../../test-results/listing-detail-DETAIL-05-—-5a818-bar-shows-the-listing-price-chromium/test-failed-1.png
    ────────────────────────────────────────────────────────────────────────────────────────────────
]]>
</failure>
<system-out>
<![CDATA[
[[ATTACHMENT|../test-results/listing-detail-DETAIL-05-—-5a818-bar-shows-the-listing-price-chromium/test-failed-1.png]]
]]>
</system-out>
</testcase>
<testcase name="DETAIL-05 — Mobile sticky bottom bar › mobile bottom bar shows &quot;Book Tour&quot; button" classname="listing-detail.spec.ts" time="16.221">
<failure message="listing-detail.spec.ts:342:7 mobile bottom bar shows &quot;Book Tour&quot; button" type="FAILURE">
<![CDATA[  [chromium] › listing-detail.spec.ts:342:7 › DETAIL-05 — Mobile sticky bottom bar › mobile bottom bar shows "Book Tour" button 

    TimeoutError: locator.waitFor: Timeout 15000ms exceeded.
    Call log:
      - waiting for getByRole('button', { name: 'Go back' }) to be visible


      25 |   await page.waitForLoadState('networkidle', { timeout: 30000 });
      26 |   // Wait for the back button which is always present once the client component mounts
    > 27 |   await page.getByRole('button', { name: 'Go back' }).waitFor({ state: 'visible', timeout: 15000 });
         |                                                       ^
      28 | }
      29 |
      30 | // ─────────────────────────────────────────────────────────────────────────────
        at gotoListingDetail (/Users/aineshmohan/Developer/ai-real-estate-agent/apps/web/tests/e2e/listing-detail.spec.ts:27:55)
        at /Users/aineshmohan/Developer/ai-real-estate-agent/apps/web/tests/e2e/listing-detail.spec.ts:344:5

    attachment #1: screenshot (image/png) ──────────────────────────────────────────────────────────
    ../../test-results/listing-detail-DETAIL-05-—-c1b88--bar-shows-Book-Tour-button-chromium/test-failed-1.png
    ────────────────────────────────────────────────────────────────────────────────────────────────
]]>
</failure>
<system-out>
<![CDATA[
[[ATTACHMENT|../test-results/listing-detail-DETAIL-05-—-c1b88--bar-shows-Book-Tour-button-chromium/test-failed-1.png]]
]]>
</system-out>
</testcase>
<testcase name="DETAIL-05 — Mobile sticky bottom bar › mobile bottom bar shows &quot;Chat&quot; button" classname="listing-detail.spec.ts" time="16.684">
<failure message="listing-detail.spec.ts:352:7 mobile bottom bar shows &quot;Chat&quot; button" type="FAILURE">
<![CDATA[  [chromium] › listing-detail.spec.ts:352:7 › DETAIL-05 — Mobile sticky bottom bar › mobile bottom bar shows "Chat" button 

    TimeoutError: locator.waitFor: Timeout 15000ms exceeded.
    Call log:
      - waiting for getByRole('button', { name: 'Go back' }) to be visible


      25 |   await page.waitForLoadState('networkidle', { timeout: 30000 });
      26 |   // Wait for the back button which is always present once the client component mounts
    > 27 |   await page.getByRole('button', { name: 'Go back' }).waitFor({ state: 'visible', timeout: 15000 });
         |                                                       ^
      28 | }
      29 |
      30 | // ─────────────────────────────────────────────────────────────────────────────
        at gotoListingDetail (/Users/aineshmohan/Developer/ai-real-estate-agent/apps/web/tests/e2e/listing-detail.spec.ts:27:55)
        at /Users/aineshmohan/Developer/ai-real-estate-agent/apps/web/tests/e2e/listing-detail.spec.ts:354:5

    attachment #1: screenshot (image/png) ──────────────────────────────────────────────────────────
    ../../test-results/listing-detail-DETAIL-05-—-caa23-ottom-bar-shows-Chat-button-chromium/test-failed-1.png
    ────────────────────────────────────────────────────────────────────────────────────────────────
]]>
</failure>
<system-out>
<![CDATA[
[[ATTACHMENT|../test-results/listing-detail-DETAIL-05-—-caa23-ottom-bar-shows-Chat-button-chromium/test-failed-1.png]]
]]>
</system-out>
</testcase>
<testcase name="DETAIL-05 — Mobile sticky bottom bar › mobile bottom bar remains fixed at the bottom after scrolling" classname="listing-detail.spec.ts" time="16.624">
<failure message="listing-detail.spec.ts:362:7 mobile bottom bar remains fixed at the bottom after scrolling" type="FAILURE">
<![CDATA[  [chromium] › listing-detail.spec.ts:362:7 › DETAIL-05 — Mobile sticky bottom bar › mobile bottom bar remains fixed at the bottom after scrolling 

    TimeoutError: locator.waitFor: Timeout 15000ms exceeded.
    Call log:
      - waiting for getByRole('button', { name: 'Go back' }) to be visible


      25 |   await page.waitForLoadState('networkidle', { timeout: 30000 });
      26 |   // Wait for the back button which is always present once the client component mounts
    > 27 |   await page.getByRole('button', { name: 'Go back' }).waitFor({ state: 'visible', timeout: 15000 });
         |                                                       ^
      28 | }
      29 |
      30 | // ─────────────────────────────────────────────────────────────────────────────
        at gotoListingDetail (/Users/aineshmohan/Developer/ai-real-estate-agent/apps/web/tests/e2e/listing-detail.spec.ts:27:55)
        at /Users/aineshmohan/Developer/ai-real-estate-agent/apps/web/tests/e2e/listing-detail.spec.ts:364:5

    attachment #1: screenshot (image/png) ──────────────────────────────────────────────────────────
    ../../test-results/listing-detail-DETAIL-05-—-c09f5--the-bottom-after-scrolling-chromium/test-failed-1.png
    ────────────────────────────────────────────────────────────────────────────────────────────────
]]>
</failure>
<system-out>
<![CDATA[
[[ATTACHMENT|../test-results/listing-detail-DETAIL-05-—-c09f5--the-bottom-after-scrolling-chromium/test-failed-1.png]]
]]>
</system-out>
</testcase>
<testcase name="DETAIL-05 — Mobile sticky bottom bar › mobile bottom bar is hidden on a desktop viewport" classname="listing-detail.spec.ts" time="16.718">
<failure message="listing-detail.spec.ts:375:7 mobile bottom bar is hidden on a desktop viewport" type="FAILURE">
<![CDATA[  [chromium] › listing-detail.spec.ts:375:7 › DETAIL-05 — Mobile sticky bottom bar › mobile bottom bar is hidden on a desktop viewport 

    TimeoutError: locator.waitFor: Timeout 15000ms exceeded.
    Call log:
      - waiting for getByRole('button', { name: 'Go back' }) to be visible


      25 |   await page.waitForLoadState('networkidle', { timeout: 30000 });
      26 |   // Wait for the back button which is always present once the client component mounts
    > 27 |   await page.getByRole('button', { name: 'Go back' }).waitFor({ state: 'visible', timeout: 15000 });
         |                                                       ^
      28 | }
      29 |
      30 | // ─────────────────────────────────────────────────────────────────────────────
        at gotoListingDetail (/Users/aineshmohan/Developer/ai-real-estate-agent/apps/web/tests/e2e/listing-detail.spec.ts:27:55)
        at /Users/aineshmohan/Developer/ai-real-estate-agent/apps/web/tests/e2e/listing-detail.spec.ts:378:5

    attachment #1: screenshot (image/png) ──────────────────────────────────────────────────────────
    ../../test-results/listing-detail-DETAIL-05-—-f5435-idden-on-a-desktop-viewport-chromium/test-failed-1.png
    ────────────────────────────────────────────────────────────────────────────────────────────────
]]>
</failure>
<system-out>
<![CDATA[
[[ATTACHMENT|../test-results/listing-detail-DETAIL-05-—-f5435-idden-on-a-desktop-viewport-chromium/test-failed-1.png]]
]]>
</system-out>
</testcase>
</testsuite>
</testsuites>